# Logfile created on 2013-08-23 14:14:12 -0400 by logger.rb/31641
Started bibtext import for file 2013-08-23T14:14:12-04:00
Ended bibtext import for file 2013-08-23T14:14:13-04:00
4 records processed.
4 records were successfully ingested.
0 records had problems and weren't ingested.
Started bibtext import for file 2013-08-23T14:14:13-04:00
Ended bibtext import for file 2013-08-23T14:14:13-04:00
4 records processed.
4 records were successfully ingested.
0 records had problems and weren't ingested.
Started bibtext import for file 2013-08-23T14:14:13-04:00
Ended bibtext import for file 2013-08-23T14:14:14-04:00
4 records processed.
4 records were successfully ingested.
0 records had problems and weren't ingested.
Started bibtext import for file 2013-08-23T14:14:14-04:00
Ended bibtext import for file 2013-08-23T14:14:14-04:00
4 records processed.
4 records were successfully ingested.
0 records had problems and weren't ingested.
Started bibtext import for file 2013-08-23T14:14:14-04:00
Ended bibtext import for file 2013-08-23T14:14:15-04:00
4 records processed.
4 records were successfully ingested.
0 records had problems and weren't ingested.
Started bibtext import for file 2013-08-23T14:14:16-04:00
Ended bibtext import for file 2013-08-23T14:14:16-04:00
4 records processed.
4 records were successfully ingested.
0 records had problems and weren't ingested.
Started bibtext import for file 2013-08-23T14:14:16-04:00
Ended bibtext import for file 2013-08-23T14:14:17-04:00
4 records processed.
4 records were successfully ingested.
0 records had problems and weren't ingested.
Started bibtext import for file 2013-08-23T14:14:18-04:00
Ended bibtext import for file 2013-08-23T14:14:18-04:00
4 records processed.
4 records were successfully ingested.
0 records had problems and weren't ingested.
Started bibtext import for file 2013-08-23T14:14:18-04:00
Ended bibtext import for file 2013-08-23T14:14:19-04:00
4 records processed.
4 records were successfully ingested.
0 records had problems and weren't ingested.
Started bibtext import for file 2013-08-23T14:14:19-04:00
Ended bibtext import for file 2013-08-23T14:14:20-04:00
4 records processed.
4 records were successfully ingested.
0 records had problems and weren't ingested.
Started bibtext import for file 2013-08-23T14:14:20-04:00
Ended bibtext import for file 2013-08-23T14:14:22-04:00
4 records processed.
4 records were successfully ingested.
0 records had problems and weren't ingested.
Started bibtext import for file 2013-08-23T14:14:22-04:00
Ended bibtext import for file 2013-08-23T14:14:23-04:00
4 records processed.
4 records were successfully ingested.
0 records had problems and weren't ingested.
Started bibtext import for file 2013-08-23T14:14:23-04:00
Ended bibtext import for file 2013-08-23T14:14:24-04:00
4 records processed.
4 records were successfully ingested.
0 records had problems and weren't ingested.
Started bibtext import for file 2013-08-23T14:14:24-04:00
Ended bibtext import for file 2013-08-23T14:14:25-04:00
4 records processed.
4 records were successfully ingested.
0 records had problems and weren't ingested.
Started bibtext import for file 2013-08-23T14:14:25-04:00
Ended bibtext import for file 2013-08-23T14:14:25-04:00
4 records processed.
4 records were successfully ingested.
0 records had problems and weren't ingested.
Started bibtext import for file 2013-08-23T14:14:25-04:00
Ended bibtext import for file 2013-08-23T14:14:26-04:00
4 records processed.
4 records were successfully ingested.
0 records had problems and weren't ingested.
Started bibtext import for file 2013-08-23T14:14:26-04:00
Ended bibtext import for file 2013-08-23T14:14:27-04:00
4 records processed.
4 records were successfully ingested.
0 records had problems and weren't ingested.
Started bibtext import for file 2013-08-23T14:14:27-04:00
Ended bibtext import for file 2013-08-23T14:14:28-04:00
4 records processed.
4 records were successfully ingested.
0 records had problems and weren't ingested.
Started bibtext import for file 2013-08-23T14:14:28-04:00
Ended bibtext import for file 2013-08-23T14:14:29-04:00
4 records processed.
4 records were successfully ingested.
0 records had problems and weren't ingested.
Started bibtext import for file 2013-08-23T14:14:29-04:00
Ended bibtext import for file 2013-08-23T14:14:30-04:00
4 records processed.
4 records were successfully ingested.
0 records had problems and weren't ingested.
Started bibtext import for file 2013-08-23T14:14:30-04:00
Ended bibtext import for file 2013-08-23T14:14:31-04:00
4 records processed.
4 records were successfully ingested.
0 records had problems and weren't ingested.
Started bibtext import for file 2013-08-23T14:14:31-04:00
Ended bibtext import for file 2013-08-23T14:14:32-04:00
4 records processed.
4 records were successfully ingested.
0 records had problems and weren't ingested.
Started bibtext import for file 2013-08-23T14:14:32-04:00
Ended bibtext import for file 2013-08-23T14:14:33-04:00
4 records processed.
4 records were successfully ingested.
0 records had problems and weren't ingested.
Started bibtext import for file 2013-08-23T14:14:33-04:00
Ended bibtext import for file 2013-08-23T14:14:33-04:00
4 records processed.
4 records were successfully ingested.
0 records had problems and weren't ingested.
Started bibtext import for file 2013-08-23T14:14:33-04:00
Ended bibtext import for file 2013-08-23T14:14:34-04:00
4 records processed.
4 records were successfully ingested.
0 records had problems and weren't ingested.
Started bibtext import for file 2013-08-23T14:14:34-04:00
Ended bibtext import for file 2013-08-23T14:14:34-04:00
4 records processed.
4 records were successfully ingested.
0 records had problems and weren't ingested.
Started bibtext import for file 2013-08-23T14:14:34-04:00
Ended bibtext import for file 2013-08-23T14:14:35-04:00
4 records processed.
4 records were successfully ingested.
0 records had problems and weren't ingested.
Started bibtext import for file 2013-08-23T14:14:35-04:00
Ended bibtext import for file 2013-08-23T14:14:35-04:00
4 records processed.
4 records were successfully ingested.
0 records had problems and weren't ingested.
Started bibtext import for file 2013-08-23T14:14:35-04:00
Ended bibtext import for file 2013-08-23T14:14:36-04:00
4 records processed.
4 records were successfully ingested.
0 records had problems and weren't ingested.
Started bibtext import for file 2013-08-23T15:13:10-04:00
Ended bibtext import for file 2013-08-23T15:13:11-04:00
4 records processed.
4 records were successfully ingested.
0 records had problems and weren't ingested.
Started bibtext import for file 2013-08-23T15:13:11-04:00
Ended bibtext import for file 2013-08-23T15:13:12-04:00
4 records processed.
4 records were successfully ingested.
0 records had problems and weren't ingested.
Started bibtext import for file 2013-08-23T15:13:12-04:00
Ended bibtext import for file 2013-08-23T15:13:13-04:00
4 records processed.
4 records were successfully ingested.
0 records had problems and weren't ingested.
Started bibtext import for file 2013-08-23T15:13:13-04:00
Ended bibtext import for file 2013-08-23T15:13:14-04:00
4 records processed.
4 records were successfully ingested.
0 records had problems and weren't ingested.
Started bibtext import for file 2013-08-23T15:13:14-04:00
Ended bibtext import for file 2013-08-23T15:13:15-04:00
4 records processed.
4 records were successfully ingested.
0 records had problems and weren't ingested.
Started bibtext import for file 2013-08-23T15:13:15-04:00
Ended bibtext import for file 2013-08-23T15:13:15-04:00
4 records processed.
4 records were successfully ingested.
0 records had problems and weren't ingested.
Started bibtext import for file 2013-08-23T15:13:15-04:00
Ended bibtext import for file 2013-08-23T15:13:16-04:00
4 records processed.
4 records were successfully ingested.
0 records had problems and weren't ingested.
Started bibtext import for file 2013-08-23T15:13:16-04:00
Ended bibtext import for file 2013-08-23T15:13:16-04:00
4 records processed.
4 records were successfully ingested.
0 records had problems and weren't ingested.
Started bibtext import for file 2013-08-23T15:13:16-04:00
Ended bibtext import for file 2013-08-23T15:13:17-04:00
4 records processed.
4 records were successfully ingested.
0 records had problems and weren't ingested.
Started bibtext import for file 2013-08-23T15:13:17-04:00
Ended bibtext import for file 2013-08-23T15:13:18-04:00
4 records processed.
4 records were successfully ingested.
0 records had problems and weren't ingested.
Started bibtext import for file 2013-08-23T15:13:18-04:00
Ended bibtext import for file 2013-08-23T15:13:19-04:00
4 records processed.
4 records were successfully ingested.
0 records had problems and weren't ingested.
Started bibtext import for file 2013-08-23T15:13:19-04:00
Ended bibtext import for file 2013-08-23T15:13:20-04:00
4 records processed.
4 records were successfully ingested.
0 records had problems and weren't ingested.
Started bibtext import for file 2013-08-23T15:13:20-04:00
Ended bibtext import for file 2013-08-23T15:13:21-04:00
4 records processed.
4 records were successfully ingested.
0 records had problems and weren't ingested.
Started bibtext import for file 2013-08-23T15:13:21-04:00
Ended bibtext import for file 2013-08-23T15:13:22-04:00
4 records processed.
4 records were successfully ingested.
0 records had problems and weren't ingested.
Started bibtext import for file 2013-08-23T15:13:22-04:00
Ended bibtext import for file 2013-08-23T15:13:22-04:00
4 records processed.
4 records were successfully ingested.
0 records had problems and weren't ingested.
Started bibtext import for file 2013-08-23T15:13:22-04:00
Ended bibtext import for file 2013-08-23T15:13:23-04:00
4 records processed.
4 records were successfully ingested.
0 records had problems and weren't ingested.
Started bibtext import for file 2013-08-23T15:13:23-04:00
Ended bibtext import for file 2013-08-23T15:13:24-04:00
4 records processed.
4 records were successfully ingested.
0 records had problems and weren't ingested.
Started bibtext import for file 2013-08-23T15:13:24-04:00
Ended bibtext import for file 2013-08-23T15:13:25-04:00
4 records processed.
4 records were successfully ingested.
0 records had problems and weren't ingested.
Started bibtext import for file 2013-08-23T15:13:25-04:00
Ended bibtext import for file 2013-08-23T15:13:26-04:00
4 records processed.
4 records were successfully ingested.
0 records had problems and weren't ingested.
Started bibtext import for file 2013-08-23T15:13:26-04:00
Ended bibtext import for file 2013-08-23T15:13:27-04:00
4 records processed.
4 records were successfully ingested.
0 records had problems and weren't ingested.
Started bibtext import for file 2013-08-23T15:13:28-04:00
Ended bibtext import for file 2013-08-23T15:13:29-04:00
4 records processed.
4 records were successfully ingested.
0 records had problems and weren't ingested.
Started bibtext import for file 2013-08-23T15:13:29-04:00
Ended bibtext import for file 2013-08-23T15:13:30-04:00
4 records processed.
4 records were successfully ingested.
0 records had problems and weren't ingested.
Started bibtext import for file 2013-08-23T15:13:30-04:00
Ended bibtext import for file 2013-08-23T15:13:31-04:00
4 records processed.
4 records were successfully ingested.
0 records had problems and weren't ingested.
Started bibtext import for file 2013-08-23T15:13:31-04:00
Ended bibtext import for file 2013-08-23T15:13:31-04:00
4 records processed.
4 records were successfully ingested.
0 records had problems and weren't ingested.
Started bibtext import for file 2013-08-23T15:13:31-04:00
Ended bibtext import for file 2013-08-23T15:13:32-04:00
4 records processed.
4 records were successfully ingested.
0 records had problems and weren't ingested.
Started bibtext import for file 2013-08-23T15:13:32-04:00
Ended bibtext import for file 2013-08-23T15:13:33-04:00
4 records processed.
4 records were successfully ingested.
0 records had problems and weren't ingested.
Started bibtext import for file 2013-08-23T15:13:33-04:00
Ended bibtext import for file 2013-08-23T15:13:33-04:00
4 records processed.
4 records were successfully ingested.
0 records had problems and weren't ingested.
Started bibtext import for file 2013-08-23T15:13:33-04:00
Ended bibtext import for file 2013-08-23T15:13:34-04:00
4 records processed.
4 records were successfully ingested.
0 records had problems and weren't ingested.
Started bibtext import for file 2013-08-23T15:13:34-04:00
Ended bibtext import for file 2013-08-23T15:13:34-04:00
4 records processed.
4 records were successfully ingested.
0 records had problems and weren't ingested.
Started bibtext import for file 2013-08-23T15:16:53-04:00
Ended bibtext import for file 2013-08-23T15:16:54-04:00
4 records processed.
4 records were successfully ingested.
0 records had problems and weren't ingested.
Started bibtext import for file 2013-08-23T15:16:54-04:00
Ended bibtext import for file 2013-08-23T15:16:55-04:00
4 records processed.
4 records were successfully ingested.
0 records had problems and weren't ingested.
Started bibtext import for file 2013-08-23T15:16:55-04:00
Ended bibtext import for file 2013-08-23T15:16:56-04:00
4 records processed.
4 records were successfully ingested.
0 records had problems and weren't ingested.
Started bibtext import for file 2013-08-23T15:16:56-04:00
Ended bibtext import for file 2013-08-23T15:16:56-04:00
4 records processed.
4 records were successfully ingested.
0 records had problems and weren't ingested.
Started bibtext import for file 2013-08-23T15:16:56-04:00
Ended bibtext import for file 2013-08-23T15:16:57-04:00
4 records processed.
4 records were successfully ingested.
0 records had problems and weren't ingested.
Started bibtext import for file 2013-08-23T15:16:57-04:00
Ended bibtext import for file 2013-08-23T15:16:58-04:00
4 records processed.
4 records were successfully ingested.
0 records had problems and weren't ingested.
Started bibtext import for file 2013-08-23T15:16:58-04:00
Ended bibtext import for file 2013-08-23T15:16:59-04:00
4 records processed.
4 records were successfully ingested.
0 records had problems and weren't ingested.
Started bibtext import for file 2013-08-23T15:16:59-04:00
Ended bibtext import for file 2013-08-23T15:16:59-04:00
4 records processed.
4 records were successfully ingested.
0 records had problems and weren't ingested.
Started bibtext import for file 2013-08-23T15:17:00-04:00
Ended bibtext import for file 2013-08-23T15:17:00-04:00
4 records processed.
4 records were successfully ingested.
0 records had problems and weren't ingested.
Started bibtext import for file 2013-08-23T15:17:01-04:00
Ended bibtext import for file 2013-08-23T15:17:02-04:00
4 records processed.
4 records were successfully ingested.
0 records had problems and weren't ingested.
Started bibtext import for file 2013-08-23T15:17:02-04:00
Ended bibtext import for file 2013-08-23T15:17:03-04:00
4 records processed.
4 records were successfully ingested.
0 records had problems and weren't ingested.
Started bibtext import for file 2013-08-23T15:17:03-04:00
Ended bibtext import for file 2013-08-23T15:17:04-04:00
4 records processed.
4 records were successfully ingested.
0 records had problems and weren't ingested.
Started bibtext import for file 2013-08-23T15:17:04-04:00
Ended bibtext import for file 2013-08-23T15:17:05-04:00
4 records processed.
4 records were successfully ingested.
0 records had problems and weren't ingested.
Started bibtext import for file 2013-08-23T15:17:05-04:00
Ended bibtext import for file 2013-08-23T15:17:05-04:00
4 records processed.
4 records were successfully ingested.
0 records had problems and weren't ingested.
Started bibtext import for file 2013-08-23T15:17:05-04:00
Ended bibtext import for file 2013-08-23T15:17:06-04:00
4 records processed.
4 records were successfully ingested.
0 records had problems and weren't ingested.
Started bibtext import for file 2013-08-23T15:17:06-04:00
Ended bibtext import for file 2013-08-23T15:17:07-04:00
4 records processed.
4 records were successfully ingested.
0 records had problems and weren't ingested.
Started bibtext import for file 2013-08-23T15:17:07-04:00
Ended bibtext import for file 2013-08-23T15:17:08-04:00
4 records processed.
4 records were successfully ingested.
0 records had problems and weren't ingested.
Started bibtext import for file 2013-08-23T15:17:08-04:00
Ended bibtext import for file 2013-08-23T15:17:09-04:00
4 records processed.
4 records were successfully ingested.
0 records had problems and weren't ingested.
Started bibtext import for file 2013-08-23T15:17:09-04:00
Ended bibtext import for file 2013-08-23T15:17:09-04:00
4 records processed.
4 records were successfully ingested.
0 records had problems and weren't ingested.
Started bibtext import for file 2013-08-23T15:17:09-04:00
Ended bibtext import for file 2013-08-23T15:17:10-04:00
4 records processed.
4 records were successfully ingested.
0 records had problems and weren't ingested.
Started bibtext import for file 2013-08-23T15:17:10-04:00
Ended bibtext import for file 2013-08-23T15:17:10-04:00
4 records processed.
4 records were successfully ingested.
0 records had problems and weren't ingested.
Started bibtext import for file 2013-08-23T15:17:10-04:00
Ended bibtext import for file 2013-08-23T15:17:12-04:00
4 records processed.
4 records were successfully ingested.
0 records had problems and weren't ingested.
Started bibtext import for file 2013-08-23T15:17:12-04:00
Ended bibtext import for file 2013-08-23T15:17:12-04:00
4 records processed.
4 records were successfully ingested.
0 records had problems and weren't ingested.
Started bibtext import for file 2013-08-23T15:17:12-04:00
Ended bibtext import for file 2013-08-23T15:17:13-04:00
4 records processed.
4 records were successfully ingested.
0 records had problems and weren't ingested.
Started bibtext import for file 2013-08-23T15:17:13-04:00
Ended bibtext import for file 2013-08-23T15:17:14-04:00
4 records processed.
4 records were successfully ingested.
0 records had problems and weren't ingested.
Started bibtext import for file 2013-08-23T15:17:14-04:00
Ended bibtext import for file 2013-08-23T15:17:15-04:00
4 records processed.
4 records were successfully ingested.
0 records had problems and weren't ingested.
Started bibtext import for file 2013-08-23T15:17:15-04:00
Ended bibtext import for file 2013-08-23T15:17:16-04:00
4 records processed.
4 records were successfully ingested.
0 records had problems and weren't ingested.
Started bibtext import for file 2013-08-23T15:17:16-04:00
Ended bibtext import for file 2013-08-23T15:17:17-04:00
4 records processed.
4 records were successfully ingested.
0 records had problems and weren't ingested.
Started bibtext import for file 2013-08-23T15:17:17-04:00
Ended bibtext import for file 2013-08-23T15:17:18-04:00
4 records processed.
4 records were successfully ingested.
0 records had problems and weren't ingested.
